<?xml version="1.0" encoding="UTF-8" ?>
<testsuite failures="1" time="32.006" errors="0" skipped="0" tests="1" name="TestSuite">
  <properties>
[...]
</properties>
  <testcase time="4.414" classname="com.test.testng.WelcomePage" name="testWelcomePageScreen">
    <failure message="expected object to not be null" type="java.lang.AssertionError">java.lang.AssertionError: expected object to not be null
	at org.testng.Assert.fail(Assert.java:89)
	at org.testng.Assert.assertNotNull(Assert.java:399)
	at org.testng.Assert.assertNotNull(Assert.java:384)
	at com.test.testng.WelcomePage.testWelcomePageScreen(WelcomePage.java:18)
</failure>
    <system-out>ScreenRecording 2013-10-01 at 10.58.18
</system-out>
  </testcase>
</testsuite>